# JRE version: OpenJDK Runtime Environment (8.0_242-b01) (build 1.8.0_242-release-1644-b01)
# Java VM: OpenJDK 64-Bit Server VM (25.242-b01 mixed mode windows-amd64 compressed oops)
Heap:
 PSYoungGen      total 328704K, used 194680K [0x00000000d5580000, 0x00000000efe80000, 0x0000000100000000)
  eden space 287232K, 53% used [0x00000000d5580000,0x00000000deb1f1c0,0x00000000e6e00000)
  from space 41472K, 99% used [0x00000000e6e00000,0x00000000e967ef70,0x00000000e9680000)
  to   space 48128K, 0% used [0x00000000ecf80000,0x00000000ecf80000,0x00000000efe80000)
 ParOldGen       total 332288K, used 64742K [0x0000000080000000, 0x0000000094480000, 0x00000000d5580000)
  object space 332288K, 19% used [0x0000000080000000,0x0000000083f39998,0x0000000094480000)
 Metaspace       used 107805K, capacity 112384K, committed 113368K, reserved 1146880K
  class space    used 13976K, capacity 14873K, committed 15104K, reserved 1048576K
GC Heap History (10 events):
Event: 2823.359 GC heap before
{Heap before GC invocations=19 (full 3):
 PSYoungGen      total 283136K, used 281926K [0x00000000d5580000, 0x00000000eca80000, 0x0000000100000000)
  eden space 249344K, 99% used [0x00000000d5580000,0x00000000e47d5a10,0x00000000e4900000)
  from space 33792K, 99% used [0x00000000e4900000,0x00000000e69fc0b0,0x00000000e6a00000)
  to   space 39936K, 0% used [0x00000000ea380000,0x00000000ea380000,0x00000000eca80000)
 ParOldGen       total 238080K, used 67704K [0x0000000080000000, 0x000000008e880000, 0x00000000d5580000)
  object space 238080K, 28% used [0x0000000080000000,0x000000008421e0e8,0x000000008e880000)
 Metaspace       used 92852K, capacity 97364K, committed 97624K, reserved 1134592K
  class space    used 12170K, capacity 13086K, committed 13184K, reserved 1048576K
Event: 2823.531 GC heap after
Heap after GC invocations=19 (full 3):
 PSYoungGen      total 280064K, used 37170K [0x00000000d5580000, 0x00000000ec800000, 0x0000000100000000)
  eden space 242688K, 0% used [0x00000000d5580000,0x00000000d5580000,0x00000000e4280000)
  from space 37376K, 99% used [0x00000000ea380000,0x00000000ec7cc948,0x00000000ec800000)
  to   space 45056K, 0% used [0x00000000e7000000,0x00000000e7000000,0x00000000e9c00000)
 ParOldGen       total 238080K, used 79206K [0x0000000080000000, 0x000000008e880000, 0x00000000d5580000)
  object space 238080K, 33% used [0x0000000080000000,0x0000000084d59ac8,0x000000008e880000)
 Metaspace       used 92852K, capacity 97364K, committed 97624K, reserved 1134592K
  class space    used 12170K, capacity 13086K, committed 13184K, reserved 1048576K
}
Event: 2831.267 GC heap before
{Heap before GC invocations=20 (full 3):
 PSYoungGen      total 280064K, used 204925K [0x00000000d5580000, 0x00000000ec800000, 0x0000000100000000)
  eden space 242688K, 69% used [0x00000000d5580000,0x00000000df952b40,0x00000000e4280000)
  from space 37376K, 99% used [0x00000000ea380000,0x00000000ec7cc948,0x00000000ec800000)
  to   space 45056K, 0% used [0x00000000e7000000,0x00000000e7000000,0x00000000e9c00000)
 ParOldGen       total 238080K, used 79206K [0x0000000080000000, 0x000000008e880000, 0x00000000d5580000)
  object space 238080K, 33% used [0x0000000080000000,0x0000000084d59ac8,0x000000008e880000)
 Metaspace       used 93575K, capacity 98296K, committed 98380K, reserved 1134592K
  class space    used 12272K, capacity 13228K, committed 13312K, reserved 1048576K
Event: 2831.547 GC heap after
Heap after GC invocations=20 (full 3):
 PSYoungGen      total 304128K, used 17648K [0x00000000d5580000, 0x00000000ec000000, 0x0000000100000000)
  eden space 286208K, 0% used [0x00000000d5580000,0x00000000d5580000,0x00000000e6d00000)
  from space 17920K, 98% used [0x00000000e7000000,0x00000000e813c098,0x00000000e8180000)
  to   space 42496K, 0% used [0x00000000e9680000,0x00000000e9680000,0x00000000ec000000)
 ParOldGen       total 238080K, used 79214K [0x0000000080000000, 0x000000008e880000, 0x00000000d5580000)
  object space 238080K, 33% used [0x0000000080000000,0x0000000084d5bac8,0x000000008e880000)
 Metaspace       used 93575K, capacity 98296K, committed 98380K, reserved 1134592K
  class space    used 12272K, capacity 13228K, committed 13312K, reserved 1048576K
}
Event: 2831.547 GC heap before
{Heap before GC invocations=21 (full 4):
 PSYoungGen      total 304128K, used 17648K [0x00000000d5580000, 0x00000000ec000000, 0x0000000100000000)
  eden space 286208K, 0% used [0x00000000d5580000,0x00000000d5580000,0x00000000e6d00000)
  from space 17920K, 98% used [0x00000000e7000000,0x00000000e813c098,0x00000000e8180000)
  to   space 42496K, 0% used [0x00000000e9680000,0x00000000e9680000,0x00000000ec000000)
 ParOldGen       total 238080K, used 79214K [0x0000000080000000, 0x000000008e880000, 0x00000000d5580000)
  object space 238080K, 33% used [0x0000000080000000,0x0000000084d5bac8,0x000000008e880000)
 Metaspace       used 93575K, capacity 98296K, committed 98380K, reserved 1134592K
  class space    used 12272K, capacity 13228K, committed 13312K, reserved 1048576K
Event: 2833.066 GC heap after
Heap after GC invocations=21 (full 4):
 PSYoungGen      total 304128K, used 0K [0x00000000d5580000, 0x00000000ec000000, 0x0000000100000000)
  eden space 286208K, 0% used [0x00000000d5580000,0x00000000d5580000,0x00000000e6d00000)
  from space 17920K, 0% used [0x00000000e7000000,0x00000000e7000000,0x00000000e8180000)
  to   space 42496K, 0% used [0x00000000e9680000,0x00000000e9680000,0x00000000ec000000)
 ParOldGen       total 332288K, used 61998K [0x0000000080000000, 0x0000000094480000, 0x00000000d5580000)
  object space 332288K, 18% used [0x0000000080000000,0x0000000083c8baf0,0x0000000094480000)
 Metaspace       used 92518K, capacity 96372K, committed 98380K, reserved 1134592K
  class space    used 12041K, capacity 12826K, committed 13312K, reserved 1048576K
}
Event: 2856.320 GC heap before
{Heap before GC invocations=22 (full 4):
 PSYoungGen      total 304128K, used 286208K [0x00000000d5580000, 0x00000000ec000000, 0x0000000100000000)
  eden space 286208K, 100% used [0x00000000d5580000,0x00000000e6d00000,0x00000000e6d00000)
  from space 17920K, 0% used [0x00000000e7000000,0x00000000e7000000,0x00000000e8180000)
  to   space 42496K, 0% used [0x00000000e9680000,0x00000000e9680000,0x00000000ec000000)
 ParOldGen       total 332288K, used 61998K [0x0000000080000000, 0x0000000094480000, 0x00000000d5580000)
  object space 332288K, 18% used [0x0000000080000000,0x0000000083c8baf0,0x0000000094480000)
 Metaspace       used 100622K, capacity 104618K, committed 106456K, reserved 1140736K
  class space    used 13074K, capacity 13910K, committed 14336K, reserved 1048576K
Event: 2856.408 GC heap after
Heap after GC invocations=22 (full 4):
 PSYoungGen      total 329728K, used 22109K [0x00000000d5580000, 0x00000000ef200000, 0x0000000100000000)
  eden space 287232K, 0% used [0x00000000d5580000,0x00000000d5580000,0x00000000e6e00000)
  from space 42496K, 52% used [0x00000000e9680000,0x00000000eac177a0,0x00000000ec000000)
  to   space 41472K, 0% used [0x00000000e6e00000,0x00000000e6e00000,0x00000000e9680000)
 ParOldGen       total 332288K, used 61998K [0x0000000080000000, 0x0000000094480000, 0x00000000d5580000)
  object space 332288K, 18% used [0x0000000080000000,0x0000000083c8baf0,0x0000000094480000)
 Metaspace       used 100622K, capacity 104618K, committed 106456K, reserved 1140736K
  class space    used 13074K, capacity 13910K, committed 14336K, reserved 1048576K
}
Event: 2873.737 GC heap before
{Heap before GC invocations=23 (full 4):
 PSYoungGen      total 329728K, used 309341K [0x00000000d5580000, 0x00000000ef200000, 0x0000000100000000)
  eden space 287232K, 100% used [0x00000000d5580000,0x00000000e6e00000,0x00000000e6e00000)
  from space 42496K, 52% used [0x00000000e9680000,0x00000000eac177a0,0x00000000ec000000)
  to   space 41472K, 0% used [0x00000000e6e00000,0x00000000e6e00000,0x00000000e9680000)
 ParOldGen       total 332288K, used 61998K [0x0000000080000000, 0x0000000094480000, 0x00000000d5580000)
  object space 332288K, 18% used [0x0000000080000000,0x0000000083c8baf0,0x0000000094480000)
 Metaspace       used 103141K, capacity 107200K, committed 108888K, reserved 1144832K
  class space    used 13279K, capacity 14119K, committed 14464K, reserved 1048576K
Event: 2873.884 GC heap after
Heap after GC invocations=23 (full 4):
 PSYoungGen      total 328704K, used 41467K [0x00000000d5580000, 0x00000000efe80000, 0x0000000100000000)
  eden space 287232K, 0% used [0x00000000d5580000,0x00000000d5580000,0x00000000e6e00000)
  from space 41472K, 99% used [0x00000000e6e00000,0x00000000e967ef70,0x00000000e9680000)
  to   space 48128K, 0% used [0x00000000ecf80000,0x00000000ecf80000,0x00000000efe80000)
 ParOldGen       total 332288K, used 64742K [0x0000000080000000, 0x0000000094480000, 0x00000000d5580000)
  object space 332288K, 19% used [0x0000000080000000,0x0000000083f39998,0x0000000094480000)
 Metaspace       used 103141K, capacity 107200K, committed 108888K, reserved 1144832K
  class space    used 13279K, capacity 14119K, committed 14464K, reserved 1048576K
}

